<t:root xmlns:t='test' xmlns:xsi='http://www.w3.org/2001/XMLSchema-instance' xsi:schemaLocation='test test.xsd'><record orange="0" apple="true"><int>42</int><double>42345.4232</double><name>name123_45</name><choice1>1 choice</choice1><enum>romance</enum></record><record orange="1"><int>42</int><double>42345.4232</double><name>name123_45</name><string>one two three</string><choice2>2 choice</choice2><enum>fiction</enum></record><record orange="2" apple="true"><int>42</int><double>42345.4232</double><name>name123_45</name><choice3>3 choice</choice3><enum>horror</enum></record><record orange="3"><int>42</int><double>42345.4232</double><name>name123_45</name><string>one two three</string><choice4>4 choice</choice4><enum>history</enum></record><record orange="4" apple="true"><int>42</int><double>42345.4232</double><name>name123_45</name><choice1>1 choice</choice1><enum>philosophy</enum></record><record orange="5"><int>42</int><double>42345.4232</double><name>name123_45</name><string>one two three</string><choice2>2 choice</choice2><enum>romance</enum></record><record orange="6" apple="true"><int>42</int><double>42345.4232</double><name>name123_45</name><choice3>3 choice</choice3><enum>fiction</enum></record><record orange="7"><int>42</int><double>42345.4232</double><name>name123_45</name><string>one two three</string><choice4>4 choice</choice4><enum>horror</enum></record><record orange="8" apple="true"><int>42</int><double>42345.4232</double><name>name123_45</name><choice1>1 choice</choice1><enum>history</enum></record><record orange="9"><int>42</int><double>42345.4232</double><name>name123_45</name><string>one two three</string><choice2>2 choice</choice2><enum>philosophy</enum></record><record orange="10" apple="true"><int>42</int><double>42345.4232</double><name>name123_45</name><choice3>3 choice</choice3><enum>romance</enum></record><record orange="11"><int>42</int><double>42345.4232</double><name>name123_45</name><string>one two three</string><choice4>4 choice</choice4><enum>fiction</enum></record><record orange="12" apple="true"><int>42</int><double>42345.4232</double><name>name123_45</name><choice1>1 choice</choice1><enum>horror</enum></record><record orange="13"><int>42</int><double>42345.4232</double><name>name123_45</name><string>one two three</string><choice2>2 choice</choice2><enum>history</enum></record><record orange="14" apple="true"><int>42</int><double>42345.4232</double><name>name123_45</name><choice3>3 choice</choice3><enum>philosophy</enum></record><record orange="15"><int>42</int><double>42345.4232</double><name>name123_45</name><string>one two three</string><choice4>4 choice</choice4><enum>romance</enum></record><record orange="16" apple="true"><int>42</int><double>42345.4232</double><name>name123_45</name><choice1>1 choice</choice1><enum>fiction</enum></record><record orange="17"><int>42</int><double>42345.4232</double><name>name123_45</name><string>one two three</string><choice2>2 choice</choice2><enum>horror</enum></record><record orange="18" apple="true"><int>42</int><double>42345.4232</double><name>name123_45</name><choice3>3 choice</choice3><enum>history</enum></record><record orange="19"><int>42</int><double>42345.4232</double><name>name123_45</name><string>one two three</string><choice4>4 choice</choice4><enum>philosophy</enum></record><record orange="20" apple="true"><int>42</int><double>42345.4232</double><name>name123_45</name><choice1>1 choice</choice1><enum>romance</enum></record><record orange="21"><int>42</int><double>42345.4232</double><name>name123_45</name><string>one two three</string><choice2>2 choice</choice2><enum>fiction</enum></record><record orange="22" apple="true"><int>42</int><double>42345.4232</double><name>name123_45</name><choice3>3 choice</choice3><enum>horror</enum></record><record orange="23"><int>42</int><double>42345.4232</double><name>name123_45</name><string>one two three</string><choice4>4 choice</choice4><enum>history</enum></record><record orange="24" apple="true"><int>42</int><double>42345.4232</double><name>name123_45</name><choice1>1 choice</choice1><enum>philosophy</enum></record><record orange="25"><int>42</int><double>42345.4232</double><name>name123_45</name><string>one two three</string><choice2>2 choice</choice2><enum>romance</enum></record><record orange="26" apple="true"><int>42</int><double>42345.4232</double><name>name123_45</name><choice3>3 choice</choice3><enum>fiction</enum></record><record orange="27"><int>42</int><double>42345.4232</double><name>name123_45</name><string>one two three</string><choice4>4 choice</choice4><enum>horror</enum></record><record orange="28" apple="true"><int>42</int><double>42345.4232</double><name>name123_45</name><choice1>1 choice</choice1><enum>history</enum></record><record orange="29"><int>42</int><double>42345.4232</double><name>name123_45</name><string>one two three</string><choice2>2 choice</choice2><enum>philosophy</enum></record><record orange="30" apple="true"><int>42</int><double>42345.4232</double><name>name123_45</name><choice3>3 choice</choice3><enum>romance</enum></record><record orange="31"><int>42</int><double>42345.4232</double><name>name123_45</name><string>one two three</string><choice4>4 choice</choice4><enum>fiction</enum></record><record orange="32" apple="true"><int>42</int><double>42345.4232</double><name>name123_45</name><choice1>1 choice</choice1><enum>horror</enum></record><record orange="33"><int>42</int><double>42345.4232</double><name>name123_45</name><string>one two three</string><choice2>2 choice</choice2><enum>history</enum></record><record orange="34" apple="true"><int>42</int><double>42345.4232</double><name>name123_45</name><choice3>3 choice</choice3><enum>philosophy</enum></record><record orange="35"><int>42</int><double>42345.4232</double><name>name123_45</name><string>one two three</string><choice4>4 choice</choice4><enum>romance</enum></record><record orange="36" apple="true"><int>42</int><double>42345.4232</double><name>name123_45</name><choice1>1 choice</choice1><enum>fiction</enum></record><record orange="37"><int>42</int><double>42345.4232</double><name>name123_45</name><string>one two three</string><choice2>2 choice</choice2><enum>horror</enum></record><record orange="38" apple="true"><int>42</int><double>42345.4232</double><name>name123_45</name><choice3>3 choice</choice3><enum>history</enum></record><record orange="39"><int>42</int><double>42345.4232</double><name>name123_45</name><string>one two three</string><choice4>4 choice</choice4><enum>philosophy</enum></record><record orange="40" apple="true"><int>42</int><double>42345.4232</double><name>name123_45</name><choice1>1 choice</choice1><enum>romance</enum></record><record orange="41"><int>42</int><double>42345.4232</double><name>name123_45</name><string>one two three</string><choice2>2 choice</choice2><enum>fiction</enum></record><record orange="42" apple="true"><int>42</int><double>42345.4232</double><name>name123_45</name><choice3>3 choice</choice3><enum>horror</enum></record><record orange="43"><int>42</int><double>42345.4232</double><name>name123_45</name><string>one two three</string><choice4>4 choice</choice4><enum>history</enum></record><record orange="44" apple="true"><int>42</int><double>42345.4232</double><name>name123_45</name><choice1>1 choice</choice1><enum>philosophy</enum></record><record orange="45"><int>42</int><double>42345.4232</double><name>name123_45</name><string>one two three</string><choice2>2 choice</choice2><enum>romance</enum></record><record orange="46" apple="true"><int>42</int><double>42345.4232</double><name>name123_45</name><choice3>3 choice</choice3><enum>fiction</enum></record><record orange="47"><int>42</int><double>42345.4232</double><name>name123_45</name><string>one two three</string><choice4>4 choice</choice4><enum>horror</enum></record><record orange="48" apple="true"><int>42</int><double>42345.4232</double><name>name123_45</name><choice1>1 choice</choice1><enum>history</enum></record><record orange="49"><int>42</int><double>42345.4232</double><name>name123_45</name><string>one two three</string><choice2>2 choice</choice2><enum>philosophy</enum></record><record orange="50" apple="true"><int>42</int><double>42345.4232</double><name>name123_45</name><choice3>3 choice</choice3><enum>romance</enum></record><record orange="51"><int>42</int><double>42345.4232</double><name>name123_45</name><string>one two three</string><choice4>4 choice</choice4><enum>fiction</enum></record><record orange="52" apple="true"><int>42</int><double>42345.4232</double><name>name123_45</name><choice1>1 choice</choice1><enum>horror</enum></record><record orange="53"><int>42</int><double>42345.4232</double><name>name123_45</name><string>one two three</string><choice2>2 choice</choice2><enum>history</enum></record><record orange="54" apple="true"><int>42</int><double>42345.4232</double><name>name123_45</name><choice3>3 choice</choice3><enum>philosophy</enum></record><record orange="55"><int>42</int><double>42345.4232</double><name>name123_45</name><string>one two three</string><choice4>4 choice</choice4><enum>romance</enum></record><record orange="56" apple="true"><int>42</int><double>42345.4232</double><name>name123_45</name><choice1>1 choice</choice1><enum>fiction</enum></record><record orange="57"><int>42</int><double>42345.4232</double><name>name123_45</name><string>one two three</string><choice2>2 choice</choice2><enum>horror</enum></record><record orange="58" apple="true"><int>42</int><double>42345.4232</double><name>name123_45</name><choice3>3 choice</choice3><enum>history</enum></record><record orange="59"><int>42</int><double>42345.4232</double><name>name123_45</name><string>one two three</string><choice4>4 choice</choice4><enum>philosophy</enum></record><record orange="60" apple="true"><int>42</int><double>42345.4232</double><name>name123_45</name><choice1>1 choice</choice1><enum>romance</enum></record><record orange="61"><int>42</int><double>42345.4232</double><name>name123_45</name><string>one two three</string><choice2>2 choice</choice2><enum>fiction</enum></record><record orange="62" apple="true"><int>42</int><double>42345.4232</double><name>name123_45</name><choice3>3 choice</choice3><enum>horror</enum></record><record orange="63"><int>42</int><double>42345.4232</double><name>name123_45</name><string>one two three</string><choice4>4 choice</choice4><enum>history</enum></record><record orange="64" apple="true"><int>42</int><double>42345.4232</double><name>name123_45</name><choice1>1 choice</choice1><enum>philosophy</enum></record><record orange="65"><int>42</int><double>42345.4232</double><name>name123_45</name><string>one two three</string><choice2>2 choice</choice2><enum>romance</enum></record><record orange="66" apple="true"><int>42</int><double>42345.4232</double><name>name123_45</name><choice3>3 choice</choice3><enum>fiction</enum></record><record orange="67"><int>42</int><double>42345.4232</double><name>name123_45</name><string>one two three</string><choice4>4 choice</choice4><enum>horror</enum></record><record orange="68" apple="true"><int>42</int><double>42345.4232</double><name>name123_45</name><choice1>1 choice</choice1><enum>history</enum></record><record orange="69"><int>42</int><double>42345.4232</double><name>name123_45</name><string>one two three</string><choice2>2 choice</choice2><enum>philosophy</enum></record><record orange="70" apple="true"><int>42</int><double>42345.4232</double><name>name123_45</name><choice3>3 choice</choice3><enum>romance</enum></record><record orange="71"><int>42</int><double>42345.4232</double><name>name123_45</name><string>one two three</string><choice4>4 choice</choice4><enum>fiction</enum></record><record orange="72" apple="true"><int>42</int><double>42345.4232</double><name>name123_45</name><choice1>1 choice</choice1><enum>horror</enum></record><record orange="73"><int>42</int><double>42345.4232</double><name>name123_45</name><string>one two three</string><choice2>2 choice</choice2><enum>history</enum></record><record orange="74" apple="true"><int>42</int><double>42345.4232</double><name>name123_45</name><choice3>3 choice</choice3><enum>philosophy</enum></record><record orange="75"><int>42</int><double>42345.4232</double><name>name123_45</name><string>one two three</string><choice4>4 choice</choice4><enum>romance</enum></record><record orange="76" apple="true"><int>42</int><double>42345.4232</double><name>name123_45</name><choice1>1 choice</choice1><enum>fiction</enum></record><record orange="77"><int>42</int><double>42345.4232</double><name>name123_45</name><string>one two three</string><choice2>2 choice</choice2><enum>horror</enum></record><record orange="78" apple="true"><int>42</int><double>42345.4232</double><name>name123_45</name><choice3>3 choice</choice3><enum>history</enum></record><record orange="79"><int>42</int><double>42345.4232</double><name>name123_45</name><string>one two three</string><choice4>4 choice</choice4><enum>philosophy</enum></record><record orange="80" apple="true"><int>42</int><double>42345.4232</double><name>name123_45</name><choice1>1 choice</choice1><enum>romance</enum></record><record orange="81"><int>42</int><double>42345.4232</double><name>name123_45</name><string>one two three</string><choice2>2 choice</choice2><enum>fiction</enum></record><record orange="82" apple="true"><int>42</int><double>42345.4232</double><name>name123_45</name><choice3>3 choice</choice3><enum>horror</enum></record><record orange="83"><int>42</int><double>42345.4232</double><name>name123_45</name><string>one two three</string><choice4>4 choice</choice4><enum>history</enum></record><record orange="84" apple="true"><int>42</int><double>42345.4232</double><name>name123_45</name><choice1>1 choice</choice1><enum>philosophy</enum></record><record orange="85"><int>42</int><double>42345.4232</double><name>name123_45</name><string>one two three</string><choice2>2 choice</choice2><enum>romance</enum></record><record orange="86" apple="true"><int>42</int><double>42345.4232</double><name>name123_45</name><choice3>3 choice</choice3><enum>fiction</enum></record><record orange="87"><int>42</int><double>42345.4232</double><name>name123_45</name><string>one two three</string><choice4>4 choice</choice4><enum>horror</enum></record><record orange="88" apple="true"><int>42</int><double>42345.4232</double><name>name123_45</name><choice1>1 choice</choice1><enum>history</enum></record><record orange="89"><int>42</int><double>42345.4232</double><name>name123_45</name><string>one two three</string><choice2>2 choice</choice2><enum>philosophy</enum></record><record orange="90" apple="true"><int>42</int><double>42345.4232</double><name>name123_45</name><choice3>3 choice</choice3><enum>romance</enum></record><record orange="91"><int>42</int><double>42345.4232</double><name>name123_45</name><string>one two three</string><choice4>4 choice</choice4><enum>fiction</enum></record><record orange="92" apple="true"><int>42</int><double>42345.4232</double><name>name123_45</name><choice1>1 choice</choice1><enum>horror</enum></record><record orange="93"><int>42</int><double>42345.4232</double><name>name123_45</name><string>one two three</string><choice2>2 choice</choice2><enum>history</enum></record><record orange="94" apple="true"><int>42</int><double>42345.4232</double><name>name123_45</name><choice3>3 choice</choice3><enum>philosophy</enum></record><record orange="95"><int>42</int><double>42345.4232</double><name>name123_45</name><string>one two three</string><choice4>4 choice</choice4><enum>romance</enum></record><record orange="96" apple="true"><int>42</int><double>42345.4232</double><name>name123_45</name><choice1>1 choice</choice1><enum>fiction</enum></record><record orange="97"><int>42</int><double>42345.4232</double><name>name123_45</name><string>one two three</string><choice2>2 choice</choice2><enum>horror</enum></record><record orange="98" apple="true"><int>42</int><double>42345.4232</double><name>name123_45</name><choice3>3 choice</choice3><enum>history</enum></record><record orange="99"><int>42</int><double>42345.4232</double><name>name123_45</name><string>one two three</string><choice4>4 choice</choice4><enum>philosophy</enum></record><record orange="100" apple="true"><int>42</int><double>42345.4232</double><name>name123_45</name><choice1>1 choice</choice1><enum>romance</enum></record><record orange="101"><int>42</int><double>42345.4232</double><name>name123_45</name><string>one two three</string><choice2>2 choice</choice2><enum>fiction</enum></record><record orange="102" apple="true"><int>42</int><double>42345.4232</double><name>name123_45</name><choice3>3 choice</choice3><enum>horror</enum></record><record orange="103"><int>42</int><double>42345.4232</double><name>name123_45</name><string>one two three</string><choice4>4 choice</choice4><enum>history</enum></record><record orange="104" apple="true"><int>42</int><double>42345.4232</double><name>name123_45</name><choice1>1 choice</choice1><enum>philosophy</enum></record><record orange="105"><int>42</int><double>42345.4232</double><name>name123_45</name><string>one two three</string><choice2>2 choice</choice2><enum>romance</enum></record><record orange="106" apple="true"><int>42</int><double>42345.4232</double><name>name123_45</name><choice3>3 choice</choice3><enum>fiction</enum></record><record orange="107"><int>42</int><double>42345.4232</double><name>name123_45</name><string>one two three</string><choice4>4 choice</choice4><enum>horror</enum></record><record orange="108" apple="true"><int>42</int><double>42345.4232</double><name>name123_45</name><choice1>1 choice</choice1><enum>history</enum></record><record orange="109"><int>42</int><double>42345.4232</double><name>name123_45</name><string>one two three</string><choice2>2 choice</choice2><enum>philosophy</enum></record><record orange="110" apple="true"><int>42</int><double>42345.4232</double><name>name123_45</name><choice3>3 choice</choice3><enum>romance</enum></record><record orange="111"><int>42</int><double>42345.4232</double><name>name123_45</name><string>one two three</string><choice4>4 choice</choice4><enum>fiction</enum></record><record orange="112" apple="true"><int>42</int><double>42345.4232</double><name>name123_45</name><choice1>1 choice</choice1><enum>horror</enum></record><record orange="113"><int>42</int><double>42345.4232</double><name>name123_45</name><string>one two three</string><choice2>2 choice</choice2><enum>history</enum></record><record orange="114" apple="true"><int>42</int><double>42345.4232</double><name>name123_45</name><choice3>3 choice</choice3><enum>philosophy</enum></record><record orange="115"><int>42</int><double>42345.4232</double><name>name123_45</name><string>one two three</string><choice4>4 choice</choice4><enum>romance</enum></record><record orange="116" apple="true"><int>42</int><double>42345.4232</double><name>name123_45</name><choice1>1 choice</choice1><enum>fiction</enum></record><record orange="117"><int>42</int><double>42345.4232</double><name>name123_45</name><string>one two three</string><choice2>2 choice</choice2><enum>horror</enum></record><record orange="118" apple="true"><int>42</int><double>42345.4232</double><name>name123_45</name><choice3>3 choice</choice3><enum>history</enum></record><record orange="119"><int>42</int><double>42345.4232</double><name>name123_45</name><string>one two three</string><choice4>4 choice</choice4><enum>philosophy</enum></record><record orange="120" apple="true"><int>42</int><double>42345.4232</double><name>name123_45</name><choice1>1 choice</choice1><enum>romance</enum></record><record orange="121"><int>42</int><double>42345.4232</double><name>name123_45</name><string>one two three</string><choice2>2 choice</choice2><enum>fiction</enum></record><record orange="122" apple="true"><int>42</int><double>42345.4232</double><name>name123_45</name><choice3>3 choice</choice3><enum>horror</enum></record><record orange="123"><int>42</int><double>42345.4232</double><name>name123_45</name><string>one two three</string><choice4>4 choice</choice4><enum>history</enum></record><record orange="124" apple="true"><int>42</int><double>42345.4232</double><name>name123_45</name><choice1>1 choice</choice1><enum>philosophy</enum></record><record orange="125"><int>42</int><double>42345.4232</double><name>name123_45</name><string>one two three</string><choice2>2 choice</choice2><enum>romance</enum></record><record orange="126" apple="true"><int>42</int><double>42345.4232</double><name>name123_45</name><choice3>3 choice</choice3><enum>fiction</enum></record><record orange="127"><int>42</int><double>42345.4232</double><name>name123_45</name><string>one two three</string><choice4>4 choice</choice4><enum>horror</enum></record><record orange="128" apple="true"><int>42</int><double>42345.4232</double><name>name123_45</name><choice1>1 choice</choice1><enum>history</enum></record><record orange="129"><int>42</int><double>42345.4232</double><name>name123_45</name><string>one two three</string><choice2>2 choice</choice2><enum>philosophy</enum></record><record orange="130" apple="true"><int>42</int><double>42345.4232</double><name>name123_45</name><choice3>3 choice</choice3><enum>romance</enum></record><record orange="131"><int>42</int><double>42345.4232</double><name>name123_45</name><string>one two three</string><choice4>4 choice</choice4><enum>fiction</enum></record><record orange="132" apple="true"><int>42</int><double>42345.4232</double><name>name123_45</name><choice1>1 choice</choice1><enum>horror</enum></record><record orange="133"><int>42</int><double>42345.4232</double><name>name123_45</name><string>one two three</string><choice2>2 choice</choice2><enum>history</enum></record><record orange="134" apple="true"><int>42</int><double>42345.4232</double><name>name123_45</name><choice3>3 choice</choice3><enum>philosophy</enum></record><record orange="135"><int>42</int><double>42345.4232</double><name>name123_45</name><string>one two three</string><choice4>4 choice</choice4><enum>romance</enum></record><record orange="136" apple="true"><int>42</int><double>42345.4232</double><name>name123_45</name><choice1>1 choice</choice1><enum>fiction</enum></record><record orange="137"><int>42</int><double>42345.4232</double><name>name123_45</name><string>one two three</string><choice2>2 choice</choice2><enum>horror</enum></record><record orange="138" apple="true"><int>42</int><double>42345.4232</double><name>name123_45</name><choice3>3 choice</choice3><enum>history</enum></record><record orange="139"><int>42</int><double>42345.4232</double><name>name123_45</name><string>one two three</string><choice4>4 choice</choice4><enum>philosophy</enum></record><record orange="140" apple="true"><int>42</int><double>42345.4232</double><name>name123_45</name><choice1>1 choice</choice1><enum>romance</enum></record><record orange="141"><int>42</int><double>42345.4232</double><name>name123_45</name><string>one two three</string><choice2>2 choice</choice2><enum>fiction</enum></record><record orange="142" apple="true"><int>42</int><double>42345.4232</double><name>name123_45</name><choice3>3 choice</choice3><enum>horror</enum></record><record orange="143"><int>42</int><double>42345.4232</double><name>name123_45</name><string>one two three</string><choice4>4 choice</choice4><enum>history</enum></record><record orange="144" apple="true"><int>42</int><double>42345.4232</double><name>name123_45</name><choice1>1 choice</choice1><enum>philosophy</enum></record><record orange="145"><int>42</int><double>42345.4232</double><name>name123_45</name><string>one two three</string><choice2>2 choice</choice2><enum>romance</enum></record><record orange="146" apple="true"><int>42</int><double>42345.4232</double><name>name123_45</name><choice3>3 choice</choice3><enum>fiction</enum></record><record orange="147"><int>42</int><double>42345.4232</double><name>name123_45</name><string>one two three</string><choice4>4 choice</choice4><enum>horror</enum></record><record orange="148" apple="true"><int>42</int><double>42345.4232</double><name>name123_45</name><choice1>1 choice</choice1><enum>history</enum></record><record orange="149"><int>42</int><double>42345.4232</double><name>name123_45</name><string>one two three</string><choice2>2 choice</choice2><enum>philosophy</enum></record><record orange="150" apple="true"><int>42</int><double>42345.4232</double><name>name123_45</name><choice3>3 choice</choice3><enum>romance</enum></record><record orange="151"><int>42</int><double>42345.4232</double><name>name123_45</name><string>one two three</string><choice4>4 choice</choice4><enum>fiction</enum></record><record orange="152" apple="true"><int>42</int><double>42345.4232</double><name>name123_45</name><choice1>1 choice</choice1><enum>horror</enum></record><record orange="153"><int>42</int><double>42345.4232</double><name>name123_45</name><string>one two three</string><choice2>2 choice</choice2><enum>history</enum></record><record orange="154" apple="true"><int>42</int><double>42345.4232</double><name>name123_45</name><choice3>3 choice</choice3><enum>philosophy</enum></record><record orange="155"><int>42</int><double>42345.4232</double><name>name123_45</name><string>one two three</string><choice4>4 choice</choice4><enum>romance</enum></record><record orange="156" apple="true"><int>42</int><double>42345.4232</double><name>name123_45</name><choice1>1 choice</choice1><enum>fiction</enum></record><record orange="157"><int>42</int><double>42345.4232</double><name>name123_45</name><string>one two three</string><choice2>2 choice</choice2><enum>horror</enum></record><record orange="158" apple="true"><int>42</int><double>42345.4232</double><name>name123_45</name><choice3>3 choice</choice3><enum>history</enum></record><record orange="159"><int>42</int><double>42345.4232</double><name>name123_45</name><string>one two three</string><choice4>4 choice</choice4><enum>philosophy</enum></record><record orange="160" apple="true"><int>42</int><double>42345.4232</double><name>name123_45</name><choice1>1 choice</choice1><enum>romance</enum></record><record orange="161"><int>42</int><double>42345.4232</double><name>name123_45</name><string>one two three</string><choice2>2 choice</choice2><enum>fiction</enum></record><record orange="162" apple="true"><int>42</int><double>42345.4232</double><name>name123_45</name><choice3>3 choice</choice3><enum>horror</enum></record><record orange="163"><int>42</int><double>42345.4232</double><name>name123_45</name><string>one two three</string><choice4>4 choice</choice4><enum>history</enum></record><record orange="164" apple="true"><int>42</int><double>42345.4232</double><name>name123_45</name><choice1>1 choice</choice1><enum>philosophy</enum></record><record orange="165"><int>42</int><double>42345.4232</double><name>name123_45</name><string>one two three</string><choice2>2 choice</choice2><enum>romance</enum></record><record orange="166" apple="true"><int>42</int><double>42345.4232</double><name>name123_45</name><choice3>3 choice</choice3><enum>fiction</enum></record><record orange="167"><int>42</int><double>42345.4232</double><name>name123_45</name><string>one two three</string><choice4>4 choice</choice4><enum>horror</enum></record><record orange="168" apple="true"><int>42</int><double>42345.4232</double><name>name123_45</name><choice1>1 choice</choice1><enum>history</enum></record><record orange="169"><int>42</int><double>42345.4232</double><name>name123_45</name><string>one two three</string><choice2>2 choice</choice2><enum>philosophy</enum></record><record orange="170" apple="true"><int>42</int><double>42345.4232</double><name>name123_45</name><choice3>3 choice</choice3><enum>romance</enum></record><record orange="171"><int>42</int><double>42345.4232</double><name>name123_45</name><string>one two three</string><choice4>4 choice</choice4><enum>fiction</enum></record><record orange="172" apple="true"><int>42</int><double>42345.4232</double><name>name123_45</name><choice1>1 choice</choice1><enum>horror</enum></record><record orange="173"><int>42</int><double>42345.4232</double><name>name123_45</name><string>one two three</string><choice2>2 choice</choice2><enum>history</enum></record><record orange="174" apple="true"><int>42</int><double>42345.4232</double><name>name123_45</name><choice3>3 choice</choice3><enum>philosophy</enum></record><record orange="175"><int>42</int><double>42345.4232</double><name>name123_45</name><string>one two three</string><choice4>4 choice</choice4><enum>romance</enum></record><record orange="176" apple="true"><int>42</int><double>42345.4232</double><name>name123_45</name><choice1>1 choice</choice1><enum>fiction</enum></record><record orange="177"><int>42</int><double>42345.4232</double><name>name123_45</name><string>one two three</string><choice2>2 choice</choice2><enum>horror</enum></record><record orange="178" apple="true"><int>42</int><double>42345.4232</double><name>name123_45</name><choice3>3 choice</choice3><enum>history</enum></record><record orange="179"><int>42</int><double>42345.4232</double><name>name123_45</name><string>one two three</string><choice4>4 choice</choice4><enum>philosophy</enum></record><record orange="180" apple="true"><int>42</int><double>42345.4232</double><name>name123_45</name><choice1>1 choice</choice1><enum>romance</enum></record><record orange="181"><int>42</int><double>42345.4232</double><name>name123_45</name><string>one two three</string><choice2>2 choice</choice2><enum>fiction</enum></record><record orange="182" apple="true"><int>42</int><double>42345.4232</double><name>name123_45</name><choice3>3 choice</choice3><enum>horror</enum></record><record orange="183"><int>42</int><double>42345.4232</double><name>name123_45</name><string>one two three</string><choice4>4 choice</choice4><enum>history</enum></record><record orange="184" apple="true"><int>42</int><double>42345.4232</double><name>name123_45</name><choice1>1 choice</choice1><enum>philosophy</enum></record><record orange="185"><int>42</int><double>42345.4232</double><name>name123_45</name><string>one two three</string><choice2>2 choice</choice2><enum>romance</enum></record><record orange="186" apple="true"><int>42</int><double>42345.4232</double><name>name123_45</name><choice3>3 choice</choice3><enum>fiction</enum></record><record orange="187"><int>42</int><double>42345.4232</double><name>name123_45</name><string>one two three</string><choice4>4 choice</choice4><enum>horror</enum></record><record orange="188" apple="true"><int>42</int><double>42345.4232</double><name>name123_45</name><choice1>1 choice</choice1><enum>history</enum></record><record orange="189"><int>42</int><double>42345.4232</double><name>name123_45</name><string>one two three</string><choice2>2 choice</choice2><enum>philosophy</enum></record><record orange="190" apple="true"><int>42</int><double>42345.4232</double><name>name123_45</name><choice3>3 choice</choice3><enum>romance</enum></record><record orange="191"><int>42</int><double>42345.4232</double><name>name123_45</name><string>one two three</string><choice4>4 choice</choice4><enum>fiction</enum></record><record orange="192" apple="true"><int>42</int><double>42345.4232</double><name>name123_45</name><choice1>1 choice</choice1><enum>horror</enum></record><record orange="193"><int>42</int><double>42345.4232</double><name>name123_45</name><string>one two three</string><choice2>2 choice</choice2><enum>history</enum></record><record orange="194" apple="true"><int>42</int><double>42345.4232</double><name>name123_45</name><choice3>3 choice</choice3><enum>philosophy</enum></record><record orange="195"><int>42</int><double>42345.4232</double><name>name123_45</name><string>one two three</string><choice4>4 choice</choice4><enum>romance</enum></record><record orange="196" apple="true"><int>42</int><double>42345.4232</double><name>name123_45</name><choice1>1 choice</choice1><enum>fiction</enum></record><record orange="197"><int>42</int><double>42345.4232</double><name>name123_45</name><string>one two three</string><choice2>2 choice</choice2><enum>horror</enum></record><record orange="198" apple="true"><int>42</int><double>42345.4232</double><name>name123_45</name><choice3>3 choice</choice3><enum>history</enum></record><record orange="199"><int>42</int><double>42345.4232</double><name>name123_45</name><string>one two three</string><choice4>4 choice</choice4><enum>philosophy</enum></record><record orange="200" apple="true"><int>42</int><double>42345.4232</double><name>name123_45</name><choice1>1 choice</choice1><enum>romance</enum></record><record orange="201"><int>42</int><double>42345.4232</double><name>name123_45</name><string>one two three</string><choice2>2 choice</choice2><enum>fiction</enum></record><record orange="202" apple="true"><int>42</int><double>42345.4232</double><name>name123_45</name><choice3>3 choice</choice3><enum>horror</enum></record><record orange="203"><int>42</int><double>42345.4232</double><name>name123_45</name><string>one two three</string><choice4>4 choice</choice4><enum>history</enum></record><record orange="204" apple="true"><int>42</int><double>42345.4232</double><name>name123_45</name><choice1>1 choice</choice1><enum>philosophy</enum></record><record orange="205"><int>42</int><double>42345.4232</double><name>name123_45</name><string>one two three</string><choice2>2 choice</choice2><enum>romance</enum></record><record orange="206" apple="true"><int>42</int><double>42345.4232</double><name>name123_45</name><choice3>3 choice</choice3><enum>fiction</enum></record><record orange="207"><int>42</int><double>42345.4232</double><name>name123_45</name><string>one two three</string><choice4>4 choice</choice4><enum>horror</enum></record><record orange="208" apple="true"><int>42</int><double>42345.4232</double><name>name123_45</name><choice1>1 choice</choice1><enum>history</enum></record><record orange="209"><int>42</int><double>42345.4232</double><name>name123_45</name><string>one two three</string><choice2>2 choice</choice2><enum>philosophy</enum></record><record orange="210" apple="true"><int>42</int><double>42345.4232</double><name>name123_45</name><choice3>3 choice</choice3><enum>romance</enum></record><record orange="211"><int>42</int><double>42345.4232</double><name>name123_45</name><string>one two three</string><choice4>4 choice</choice4><enum>fiction</enum></record><record orange="212" apple="true"><int>42</int><double>42345.4232</double><name>name123_45</name><choice1>1 choice</choice1><enum>horror</enum></record><record orange="213"><int>42</int><double>42345.4232</double><name>name123_45</name><string>one two three</string><choice2>2 choice</choice2><enum>history</enum></record><record orange="214" apple="true"><int>42</int><double>42345.4232</double><name>name123_45</name><choice3>3 choice</choice3><enum>philosophy</enum></record><record orange="215"><int>42</int><double>42345.4232</double><name>name123_45</name><string>one two three</string><choice4>4 choice</choice4><enum>romance</enum></record><record orange="216" apple="true"><int>42</int><double>42345.4232</double><name>name123_45</name><choice1>1 choice</choice1><enum>fiction</enum></record><record orange="217"><int>42</int><double>42345.4232</double><name>name123_45</name><string>one two three</string><choice2>2 choice</choice2><enum>horror</enum></record><record orange="218" apple="true"><int>42</int><double>42345.4232</double><name>name123_45</name><choice3>3 choice</choice3><enum>history</enum></record><record orange="219"><int>42</int><double>42345.4232</double><name>name123_45</name><string>one two three</string><choice4>4 choice</choice4><enum>philosophy</enum></record><record orange="220" apple="true"><int>42</int><double>42345.4232</double><name>name123_45</name><choice1>1 choice</choice1><enum>romance</enum></record><record orange="221"><int>42</int><double>42345.4232</double><name>name123_45</name><string>one two three</string><choice2>2 choice</choice2><enum>fiction</enum></record><record orange="222" apple="true"><int>42</int><double>42345.4232</double><name>name123_45</name><choice3>3 choice</choice3><enum>horror</enum></record><record orange="223"><int>42</int><double>42345.4232</double><name>name123_45</name><string>one two three</string><choice4>4 choice</choice4><enum>history</enum></record><record orange="224" apple="true"><int>42</int><double>42345.4232</double><name>name123_45</name><choice1>1 choice</choice1><enum>philosophy</enum></record><record orange="225"><int>42</int><double>42345.4232</double><name>name123_45</name><string>one two three</string><choice2>2 choice</choice2><enum>romance</enum></record><record orange="226" apple="true"><int>42</int><double>42345.4232</double><name>name123_45</name><choice3>3 choice</choice3><enum>fiction</enum></record><record orange="227"><int>42</int><double>42345.4232</double><name>name123_45</name><string>one two three</string><choice4>4 choice</choice4><enum>horror</enum></record><record orange="228" apple="true"><int>42</int><double>42345.4232</double><name>name123_45</name><choice1>1 choice</choice1><enum>history</enum></record><record orange="229"><int>42</int><double>42345.4232</double><name>name123_45</name><string>one two three</string><choice2>2 choice</choice2><enum>philosophy</enum></record><record orange="230" apple="true"><int>42</int><double>42345.4232</double><name>name123_45</name><choice3>3 choice</choice3><enum>romance</enum></record><record orange="231"><int>42</int><double>42345.4232</double><name>name123_45</name><string>one two three</string><choice4>4 choice</choice4><enum>fiction</enum></record><record orange="232" apple="true"><int>42</int><double>42345.4232</double><name>name123_45</name><choice1>1 choice</choice1><enum>horror</enum></record><record orange="233"><int>42</int><double>42345.4232</double><name>name123_45</name><string>one two three</string><choice2>2 choice</choice2><enum>history</enum></record><record orange="234" apple="true"><int>42</int><double>42345.4232</double><name>name123_45</name><choice3>3 choice</choice3><enum>philosophy</enum></record><record orange="235"><int>42</int><double>42345.4232</double><name>name123_45</name><string>one two three</string><choice4>4 choice</choice4><enum>romance</enum></record><record orange="236" apple="true"><int>42</int><double>42345.4232</double><name>name123_45</name><choice1>1 choice</choice1><enum>fiction</enum></record><record orange="237"><int>42</int><double>42345.4232</double><name>name123_45</name><string>one two three</string><choice2>2 choice</choice2><enum>horror</enum></record><record orange="238" apple="true"><int>42</int><double>42345.4232</double><name>name123_45</name><choice3>3 choice</choice3><enum>history</enum></record><record orange="239"><int>42</int><double>42345.4232</double><name>name123_45</name><string>one two three</string><choice4>4 choice</choice4><enum>philosophy</enum></record><record orange="240" apple="true"><int>42</int><double>42345.4232</double><name>name123_45</name><choice1>1 choice</choice1><enum>romance</enum></record><record orange="241"><int>42</int><double>42345.4232</double><name>name123_45</name><string>one two three</string><choice2>2 choice</choice2><enum>fiction</enum></record><record orange="242" apple="true"><int>42</int><double>42345.4232</double><name>name123_45</name><choice3>3 choice</choice3><enum>horror</enum></record><record orange="243"><int>42</int><double>42345.4232</double><name>name123_45</name><string>one two three</string><choice4>4 choice</choice4><enum>history</enum></record><record orange="244" apple="true"><int>42</int><double>42345.4232</double><name>name123_45</name><choice1>1 choice</choice1><enum>philosophy</enum></record><record orange="245"><int>42</int><double>42345.4232</double><name>name123_45</name><string>one two three</string><choice2>2 choice</choice2><enum>romance</enum></record><record orange="246" apple="true"><int>42</int><double>42345.4232</double><name>name123_45</name><choice3>3 choice</choice3><enum>fiction</enum></record><record orange="247"><int>42</int><double>42345.4232</double><name>name123_45</name><string>one two three</string><choice4>4 choice</choice4><enum>horror</enum></record><record orange="248" apple="true"><int>42</int><double>42345.4232</double><name>name123_45</name><choice1>1 choice</choice1><enum>history</enum></record><record orange="249"><int>42</int><double>42345.4232</double><name>name123_45</name><string>one two three</string><choice2>2 choice</choice2><enum>philosophy</enum></record><record orange="250" apple="true"><int>42</int><double>42345.4232</double><name>name123_45</name><choice3>3 choice</choice3><enum>romance</enum></record><record orange="251"><int>42</int><double>42345.4232</double><name>name123_45</name><string>one two three</string><choice4>4 choice</choice4><enum>fiction</enum></record><record orange="252" apple="true"><int>42</int><double>42345.4232</double><name>name123_45</name><choice1>1 choice</choice1><enum>horror</enum></record><record orange="253"><int>42</int><double>42345.4232</double><name>name123_45</name><string>one two three</string><choice2>2 choice</choice2><enum>history</enum></record><record orange="254" apple="true"><int>42</int><double>42345.4232</double><name>name123_45</name><choice3>3 choice</choice3><enum>philosophy</enum></record><record orange="255"><int>42</int><double>42345.4232</double><name>name123_45</name><string>one two three</string><choice4>4 choice</choice4><enum>romance</enum></record><record orange="256" apple="true"><int>42</int><double>42345.4232</double><name>name123_45</name><choice1>1 choice</choice1><enum>fiction</enum></record><record orange="257"><int>42</int><double>42345.4232</double><name>name123_45</name><string>one two three</string><choice2>2 choice</choice2><enum>horror</enum></record><record orange="258" apple="true"><int>42</int><double>42345.4232</double><name>name123_45</name><choice3>3 choice</choice3><enum>history</enum></record><record orange="259"><int>42</int><double>42345.4232</double><name>name123_45</name><string>one two three</string><choice4>4 choice</choice4><enum>philosophy</enum></record><record orange="260" apple="true"><int>42</int><double>42345.4232</double><name>name123_45</name><choice1>1 choice</choice1><enum>romance</enum></record><record orange="261"><int>42</int><double>42345.4232</double><name>name123_45</name><string>one two three</string><choice2>2 choice</choice2><enum>fiction</enum></record><record orange="262" apple="true"><int>42</int><double>42345.4232</double><name>name123_45</name><choice3>3 choice</choice3><enum>horror</enum></record><record orange="263"><int>42</int><double>42345.4232</double><name>name123_45</name><string>one two three</string><choice4>4 choice</choice4><enum>history</enum></record><record orange="264" apple="true"><int>42</int><double>42345.4232</double><name>name123_45</name><choice1>1 choice</choice1><enum>philosophy</enum></record><record orange="265"><int>42</int><double>42345.4232</double><name>name123_45</name><string>one two three</string><choice2>2 choice</choice2><enum>romance</enum></record><record orange="266" apple="true"><int>42</int><double>42345.4232</double><name>name123_45</name><choice3>3 choice</choice3><enum>fiction</enum></record><record orange="267"><int>42</int><double>42345.4232</double><name>name123_45</name><string>one two three</string><choice4>4 choice</choice4><enum>horror</enum></record><record orange="268" apple="true"><int>42</int><double>42345.4232</double><name>name123_45</name><choice1>1 choice</choice1><enum>history</enum></record><record orange="269"><int>42</int><double>42345.4232</double><name>name123_45</name><string>one two three</string><choice2>2 choice</choice2><enum>philosophy</enum></record><record orange="270" apple="true"><int>42</int><double>42345.4232</double><name>name123_45</name><choice3>3 choice</choice3><enum>romance</enum></record><record orange="271"><int>42</int><double>42345.4232</double><name>name123_45</name><string>one two three</string><choice4>4 choice</choice4><enum>fiction</enum></record><record orange="272" apple="true"><int>42</int><double>42345.4232</double><name>name123_45</name><choice1>1 choice</choice1><enum>horror</enum></record><record orange="273"><int>42</int><double>42345.4232</double><name>name123_45</name><string>one two three</string><choice2>2 choice</choice2><enum>history</enum></record><record orange="274" apple="true"><int>42</int><double>42345.4232</double><name>name123_45</name><choice3>3 choice</choice3><enum>philosophy</enum></record><record orange="275"><int>42</int><double>42345.4232</double><name>name123_45</name><string>one two three</string><choice4>4 choice</choice4><enum>romance</enum></record><record orange="276" apple="true"><int>42</int><double>42345.4232</double><name>name123_45</name><choice1>1 choice</choice1><enum>fiction</enum></record><record orange="277"><int>42</int><double>42345.4232</double><name>name123_45</name><string>one two three</string><choice2>2 choice</choice2><enum>horror</enum></record><record orange="278" apple="true"><int>42</int><double>42345.4232</double><name>name123_45</name><choice3>3 choice</choice3><enum>history</enum></record><record orange="279"><int>42</int><double>42345.4232</double><name>name123_45</name><string>one two three</string><choice4>4 choice</choice4><enum>philosophy</enum></record><record orange="280" apple="true"><int>42</int><double>42345.4232</double><name>name123_45</name><choice1>1 choice</choice1><enum>romance</enum></record><record orange="281"><int>42</int><double>42345.4232</double><name>name123_45</name><string>one two three</string><choice2>2 choice</choice2><enum>fiction</enum></record><record orange="282" apple="true"><int>42</int><double>42345.4232</double><name>name123_45</name><choice3>3 choice</choice3><enum>horror</enum></record><record orange="283"><int>42</int><double>42345.4232</double><name>name123_45</name><string>one two three</string><choice4>4 choice</choice4><enum>history</enum></record><record orange="284" apple="true"><int>42</int><double>42345.4232</double><name>name123_45</name><choice1>1 choice</choice1><enum>philosophy</enum></record><record orange="285"><int>42</int><double>42345.4232</double><name>name123_45</name><string>one two three</string><choice2>2 choice</choice2><enum>romance</enum></record><record orange="286" apple="true"><int>42</int><double>42345.4232</double><name>name123_45</name><choice3>3 choice</choice3><enum>fiction</enum></record><record orange="287"><int>42</int><double>42345.4232</double><name>name123_45</name><string>one two three</string><choice4>4 choice</choice4><enum>horror</enum></record><record orange="288" apple="true"><int>42</int><double>42345.4232</double><name>name123_45</name><choice1>1 choice</choice1><enum>history</enum></record><record orange="289"><int>42</int><double>42345.4232</double><name>name123_45</name><string>one two three</string><choice2>2 choice</choice2><enum>philosophy</enum></record><record orange="290" apple="true"><int>42</int><double>42345.4232</double><name>name123_45</name><choice3>3 choice</choice3><enum>romance</enum></record><record orange="291"><int>42</int><double>42345.4232</double><name>name123_45</name><string>one two three</string><choice4>4 choice</choice4><enum>fiction</enum></record><record orange="292" apple="true"><int>42</int><double>42345.4232</double><name>name123_45</name><choice1>1 choice</choice1><enum>horror</enum></record><record orange="293"><int>42</int><double>42345.4232</double><name>name123_45</name><string>one two three</string><choice2>2 choice</choice2><enum>history</enum></record><record orange="294" apple="true"><int>42</int><double>42345.4232</double><name>name123_45</name><choice3>3 choice</choice3><enum>philosophy</enum></record><record orange="295"><int>42</int><double>42345.4232</double><name>name123_45</name><string>one two three</string><choice4>4 choice</choice4><enum>romance</enum></record><record orange="296" apple="true"><int>42</int><double>42345.4232</double><name>name123_45</name><choice1>1 choice</choice1><enum>fiction</enum></record><record orange="297"><int>42</int><double>42345.4232</double><name>name123_45</name><string>one two three</string><choice2>2 choice</choice2><enum>horror</enum></record><record orange="298" apple="true"><int>42</int><double>42345.4232</double><name>name123_45</name><choice3>3 choice</choice3><enum>history</enum></record><record orange="299"><int>42</int><double>42345.4232</double><name>name123_45</name><string>one two three</string><choice4>4 choice</choice4><enum>philosophy</enum></record><record orange="300" apple="true"><int>42</int><double>42345.4232</double><name>name123_45</name><choice1>1 choice</choice1><enum>romance</enum></record><record orange="301"><int>42</int><double>42345.4232</double><name>name123_45</name><string>one two three</string><choice2>2 choice</choice2><enum>fiction</enum></record><record orange="302" apple="true"><int>42</int><double>42345.4232</double><name>name123_45</name><choice3>3 choice</choice3><enum>horror</enum></record><record orange="303"><int>42</int><double>42345.4232</double><name>name123_45</name><string>one two three</string><choice4>4 choice</choice4><enum>history</enum></record><record orange="304" apple="true"><int>42</int><double>42345.4232</double><name>name123_45</name><choice1>1 choice</choice1><enum>philosophy</enum></record><record orange="305"><int>42</int><double>42345.4232</double><name>name123_45</name><string>one two three</string><choice2>2 choice</choice2><enum>romance</enum></record><record orange="306" apple="true"><int>42</int><double>42345.4232</double><name>name123_45</name><choice3>3 choice</choice3><enum>fiction</enum></record><record orange="307"><int>42</int><double>42345.4232</double><name>name123_45</name><string>one two three</string><choice4>4 choice</choice4><enum>horror</enum></record><record orange="308" apple="true"><int>42</int><double>42345.4232</double><name>name123_45</name><choice1>1 choice</choice1><enum>history</enum></record><record orange="309"><int>42</int><double>42345.4232</double><name>name123_45</name><string>one two three</string><choice2>2 choice</choice2><enum>philosophy</enum></record><record orange="310" apple="true"><int>42</int><double>42345.4232</double><name>name123_45</name><choice3>3 choice</choice3><enum>romance</enum></record><record orange="311"><int>42</int><double>42345.4232</double><name>name123_45</name><string>one two three</string><choice4>4 choice</choice4><enum>fiction</enum></record><record orange="312" apple="true"><int>42</int><double>42345.4232</double><name>name123_45</name><choice1>1 choice</choice1><enum>horror</enum></record><record orange="313"><int>42</int><double>42345.4232</double><name>name123_45</name><string>one two three</string><choice2>2 choice</choice2><enum>history</enum></record><record orange="314" apple="true"><int>42</int><double>42345.4232</double><name>name123_45</name><choice3>3 choice</choice3><enum>philosophy</enum></record><record orange="315"><int>42</int><double>42345.4232</double><name>name123_45</name><string>one two three</string><choice4>4 choice</choice4><enum>romance</enum></record><record orange="316" apple="true"><int>42</int><double>42345.4232</double><name>name123_45</name><choice1>1 choice</choice1><enum>fiction</enum></record></t:root>